10:25:20 **** Incremental Build of configuration Debug for project task01 ****
make -j16 all 
arm-none-eabi-gcc "../ThirdParty/FreeRTOS/portable/MemMang/heap_4.c" -mcpu=cortex-m7 -std=gnu11 -g3 -DDEBUG -DUSE_HAL_DRIVER -DSTM32H7A3xxQ -c -I../Core/Inc -I../Drivers/STM32H7xx_HAL_Driver/Inc -I../Drivers/STM32H7xx_HAL_Driver/Inc/Legacy -I../Drivers/CMSIS/Device/ST/STM32H7xx/Include -I../Drivers/CMSIS/Include -O0 -ffunction-sections -fdata-sections -Wall -fstack-usage -MMD -MP -MF"ThirdParty/FreeRTOS/portable/MemMang/heap_4.d" -MT"ThirdParty/FreeRTOS/portable/MemMang/heap_4.o" --specs=nano.specs -mfpu=fpv5-d16 -mfloat-abi=hard -mthumb -o "ThirdParty/FreeRTOS/portable/MemMang/heap_4.o"
arm-none-eabi-gcc "../ThirdParty/FreeRTOS/portable/GCC/ARM_CM4F/port.c" -mcpu=cortex-m7 -std=gnu11 -g3 -DDEBUG -DUSE_HAL_DRIVER -DSTM32H7A3xxQ -c -I../Core/Inc -I../Drivers/STM32H7xx_HAL_Driver/Inc -I../Drivers/STM32H7xx_HAL_Driver/Inc/Legacy -I../Drivers/CMSIS/Device/ST/STM32H7xx/Include -I../Drivers/CMSIS/Include -O0 -ffunction-sections -fdata-sections -Wall -fstack-usage -MMD -MP -MF"ThirdParty/FreeRTOS/portable/GCC/ARM_CM4F/port.d" -MT"ThirdParty/FreeRTOS/portable/GCC/ARM_CM4F/port.o" --specs=nano.specs -mfpu=fpv5-d16 -mfloat-abi=hard -mthumb -o "ThirdParty/FreeRTOS/portable/GCC/ARM_CM4F/port.o"
arm-none-eabi-gcc "../ThirdParty/FreeRTOS/croutine.c" -mcpu=cortex-m7 -std=gnu11 -g3 -DDEBUG -DUSE_HAL_DRIVER -DSTM32H7A3xxQ -c -I../Core/Inc -I../Drivers/STM32H7xx_HAL_Driver/Inc -I../Drivers/STM32H7xx_HAL_Driver/Inc/Legacy -I../Drivers/CMSIS/Device/ST/STM32H7xx/Include -I../Drivers/CMSIS/Include -O0 -ffunction-sections -fdata-sections -Wall -fstack-usage -MMD -MP -MF"ThirdParty/FreeRTOS/croutine.d" -MT"ThirdParty/FreeRTOS/croutine.o" --specs=nano.specs -mfpu=fpv5-d16 -mfloat-abi=hard -mthumb -o "ThirdParty/FreeRTOS/croutine.o"
arm-none-eabi-gcc "../ThirdParty/FreeRTOS/event_groups.c" -mcpu=cortex-m7 -std=gnu11 -g3 -DDEBUG -DUSE_HAL_DRIVER -DSTM32H7A3xxQ -c -I../Core/Inc -I../Drivers/STM32H7xx_HAL_Driver/Inc -I../Drivers/STM32H7xx_HAL_Driver/Inc/Legacy -I../Drivers/CMSIS/Device/ST/STM32H7xx/Include -I../Drivers/CMSIS/Include -O0 -ffunction-sections -fdata-sections -Wall -fstack-usage -MMD -MP -MF"ThirdParty/FreeRTOS/event_groups.d" -MT"ThirdParty/FreeRTOS/event_groups.o" --specs=nano.specs -mfpu=fpv5-d16 -mfloat-abi=hard -mthumb -o "ThirdParty/FreeRTOS/event_groups.o"
arm-none-eabi-gcc "../ThirdParty/FreeRTOS/list.c" -mcpu=cortex-m7 -std=gnu11 -g3 -DDEBUG -DUSE_HAL_DRIVER -DSTM32H7A3xxQ -c -I../Core/Inc -I../Drivers/STM32H7xx_HAL_Driver/Inc -I../Drivers/STM32H7xx_HAL_Driver/Inc/Legacy -I../Drivers/CMSIS/Device/ST/STM32H7xx/Include -I../Drivers/CMSIS/Include -O0 -ffunction-sections -fdata-sections -Wall -fstack-usage -MMD -MP -MF"ThirdParty/FreeRTOS/list.d" -MT"ThirdParty/FreeRTOS/list.o" --specs=nano.specs -mfpu=fpv5-d16 -mfloat-abi=hard -mthumb -o "ThirdParty/FreeRTOS/list.o"
arm-none-eabi-gcc "../ThirdParty/FreeRTOS/queue.c" -mcpu=cortex-m7 -std=gnu11 -g3 -DDEBUG -DUSE_HAL_DRIVER -DSTM32H7A3xxQ -c -I../Core/Inc -I../Drivers/STM32H7xx_HAL_Driver/Inc -I../Drivers/STM32H7xx_HAL_Driver/Inc/Legacy -I../Drivers/CMSIS/Device/ST/STM32H7xx/Include -I../Drivers/CMSIS/Include -O0 -ffunction-sections -fdata-sections -Wall -fstack-usage -MMD -MP -MF"ThirdParty/FreeRTOS/queue.d" -MT"ThirdParty/FreeRTOS/queue.o" --specs=nano.specs -mfpu=fpv5-d16 -mfloat-abi=hard -mthumb -o "ThirdParty/FreeRTOS/queue.o"
arm-none-eabi-gcc "../ThirdParty/FreeRTOS/stream_buffer.c" -mcpu=cortex-m7 -std=gnu11 -g3 -DDEBUG -DUSE_HAL_DRIVER -DSTM32H7A3xxQ -c -I../Core/Inc -I../Drivers/STM32H7xx_HAL_Driver/Inc -I../Drivers/STM32H7xx_HAL_Driver/Inc/Legacy -I../Drivers/CMSIS/Device/ST/STM32H7xx/Include -I../Drivers/CMSIS/Include -O0 -ffunction-sections -fdata-sections -Wall -fstack-usage -MMD -MP -MF"ThirdParty/FreeRTOS/stream_buffer.d" -MT"ThirdParty/FreeRTOS/stream_buffer.o" --specs=nano.specs -mfpu=fpv5-d16 -mfloat-abi=hard -mthumb -o "ThirdParty/FreeRTOS/stream_buffer.o"
arm-none-eabi-gcc "../ThirdParty/FreeRTOS/tasks.c" -mcpu=cortex-m7 -std=gnu11 -g3 -DDEBUG -DUSE_HAL_DRIVER -DSTM32H7A3xxQ -c -I../Core/Inc -I../Drivers/STM32H7xx_HAL_Driver/Inc -I../Drivers/STM32H7xx_HAL_Driver/Inc/Legacy -I../Drivers/CMSIS/Device/ST/STM32H7xx/Include -I../Drivers/CMSIS/Include -O0 -ffunction-sections -fdata-sections -Wall -fstack-usage -MMD -MP -MF"ThirdParty/FreeRTOS/tasks.d" -MT"ThirdParty/FreeRTOS/tasks.o" --specs=nano.specs -mfpu=fpv5-d16 -mfloat-abi=hard -mthumb -o "ThirdParty/FreeRTOS/tasks.o"
arm-none-eabi-gcc "../ThirdParty/FreeRTOS/timers.c" -mcpu=cortex-m7 -std=gnu11 -g3 -DDEBUG -DUSE_HAL_DRIVER -DSTM32H7A3xxQ -c -I../Core/Inc -I../Drivers/STM32H7xx_HAL_Driver/Inc -I../Drivers/STM32H7xx_HAL_Driver/Inc/Legacy -I../Drivers/CMSIS/Device/ST/STM32H7xx/Include -I../Drivers/CMSIS/Include -O0 -ffunction-sections -fdata-sections -Wall -fstack-usage -MMD -MP -MF"ThirdParty/FreeRTOS/timers.d" -MT"ThirdParty/FreeRTOS/timers.o" --specs=nano.specs -mfpu=fpv5-d16 -mfloat-abi=hard -mthumb -o "ThirdParty/FreeRTOS/timers.o"
arm-none-eabi-gcc "../Drivers/STM32H7xx_HAL_Driver/Src/stm32h7xx_hal.c" -mcpu=cortex-m7 -std=gnu11 -g3 -DDEBUG -DUSE_HAL_DRIVER -DSTM32H7A3xxQ -c -I../Core/Inc -I"C:/Users/ajitp/OneDrive/Documents/Embedded_systems_courses/FREERTOS_COURSE/WORKSPACE/task01/ThirdParty/FreeRTOS/include" -I"C:/Users/ajitp/OneDrive/Documents/Embedded_systems_courses/FREERTOS_COURSE/WORKSPACE/task01/ThirdParty/FreeRTOS/include" -I"C:/Users/ajitp/OneDrive/Documents/Embedded_systems_courses/FREERTOS_COURSE/WORKSPACE/task01/ThirdParty/FreeRTOS/include" -I"C:/Users/ajitp/OneDrive/Documents/Embedded_systems_courses/FREERTOS_COURSE/WORKSPACE/task01/ThirdParty/FreeRTOS" -I"C:/Users/ajitp/OneDrive/Documents/Embedded_systems_courses/FREERTOS_COURSE/WORKSPACE/task01/ThirdParty/FreeRTOS/portable/GCC/ARM_CM4F" -I"C:/Users/ajitp/OneDrive/Documents/Embedded_systems_courses/FREERTOS_COURSE/WORKSPACE/task01/ThirdParty/FreeRTOS/include" -I"C:/Users/ajitp/OneDrive/Documents/Embedded_systems_courses/FREERTOS_COURSE/WORKSPACE/task01/ThirdParty/FreeRTOS/portable" -I../Drivers/STM32H7xx_HAL_Driver/Inc -I../Drivers/STM32H7xx_HAL_Driver/Inc/Legacy -I../Drivers/CMSIS/Device/ST/STM32H7xx/Include -I../Drivers/CMSIS/Include -O0 -ffunction-sections -fdata-sections -Wall -fstack-usage -MMD -MP -MF"Drivers/STM32H7xx_HAL_Driver/Src/stm32h7xx_hal.d" -MT"Drivers/STM32H7xx_HAL_Driver/Src/stm32h7xx_hal.o" --specs=nano.specs -mfpu=fpv5-d16 -mfloat-abi=hard -mthumb -o "Drivers/STM32H7xx_HAL_Driver/Src/stm32h7xx_hal.o"
arm-none-eabi-gcc "../Drivers/STM32H7xx_HAL_Driver/Src/stm32h7xx_hal_cortex.c" -mcpu=cortex-m7 -std=gnu11 -g3 -DDEBUG -DUSE_HAL_DRIVER -DSTM32H7A3xxQ -c -I../Core/Inc -I"C:/Users/ajitp/OneDrive/Documents/Embedded_systems_courses/FREERTOS_COURSE/WORKSPACE/task01/ThirdParty/FreeRTOS/include" -I"C:/Users/ajitp/OneDrive/Documents/Embedded_systems_courses/FREERTOS_COURSE/WORKSPACE/task01/ThirdParty/FreeRTOS/include" -I"C:/Users/ajitp/OneDrive/Documents/Embedded_systems_courses/FREERTOS_COURSE/WORKSPACE/task01/ThirdParty/FreeRTOS/include" -I"C:/Users/ajitp/OneDrive/Documents/Embedded_systems_courses/FREERTOS_COURSE/WORKSPACE/task01/ThirdParty/FreeRTOS" -I"C:/Users/ajitp/OneDrive/Documents/Embedded_systems_courses/FREERTOS_COURSE/WORKSPACE/task01/ThirdParty/FreeRTOS/portable/GCC/ARM_CM4F" -I"C:/Users/ajitp/OneDrive/Documents/Embedded_systems_courses/FREERTOS_COURSE/WORKSPACE/task01/ThirdParty/FreeRTOS/include" -I"C:/Users/ajitp/OneDrive/Documents/Embedded_systems_courses/FREERTOS_COURSE/WORKSPACE/task01/ThirdParty/FreeRTOS/portable" -I../Drivers/STM32H7xx_HAL_Driver/Inc -I../Drivers/STM32H7xx_HAL_Driver/Inc/Legacy -I../Drivers/CMSIS/Device/ST/STM32H7xx/Include -I../Drivers/CMSIS/Include -O0 -ffunction-sections -fdata-sections -Wall -fstack-usage -MMD -MP -MF"Drivers/STM32H7xx_HAL_Driver/Src/stm32h7xx_hal_cortex.d" -MT"Drivers/STM32H7xx_HAL_Driver/Src/stm32h7xx_hal_cortex.o" --specs=nano.specs -mfpu=fpv5-d16 -mfloat-abi=hard -mthumb -o "Drivers/STM32H7xx_HAL_Driver/Src/stm32h7xx_hal_cortex.o"
arm-none-eabi-gcc "../Drivers/STM32H7xx_HAL_Driver/Src/stm32h7xx_hal_dma.c" -mcpu=cortex-m7 -std=gnu11 -g3 -DDEBUG -DUSE_HAL_DRIVER -DSTM32H7A3xxQ -c -I../Core/Inc -I"C:/Users/ajitp/OneDrive/Documents/Embedded_systems_courses/FREERTOS_COURSE/WORKSPACE/task01/ThirdParty/FreeRTOS/include" -I"C:/Users/ajitp/OneDrive/Documents/Embedded_systems_courses/FREERTOS_COURSE/WORKSPACE/task01/ThirdParty/FreeRTOS/include" -I"C:/Users/ajitp/OneDrive/Documents/Embedded_systems_courses/FREERTOS_COURSE/WORKSPACE/task01/ThirdParty/FreeRTOS/include" -I"C:/Users/ajitp/OneDrive/Documents/Embedded_systems_courses/FREERTOS_COURSE/WORKSPACE/task01/ThirdParty/FreeRTOS" -I"C:/Users/ajitp/OneDrive/Documents/Embedded_systems_courses/FREERTOS_COURSE/WORKSPACE/task01/ThirdParty/FreeRTOS/portable/GCC/ARM_CM4F" -I"C:/Users/ajitp/OneDrive/Documents/Embedded_systems_courses/FREERTOS_COURSE/WORKSPACE/task01/ThirdParty/FreeRTOS/include" -I"C:/Users/ajitp/OneDrive/Documents/Embedded_systems_courses/FREERTOS_COURSE/WORKSPACE/task01/ThirdParty/FreeRTOS/portable" -I../Drivers/STM32H7xx_HAL_Driver/Inc -I../Drivers/STM32H7xx_HAL_Driver/Inc/Legacy -I../Drivers/CMSIS/Device/ST/STM32H7xx/Include -I../Drivers/CMSIS/Include -O0 -ffunction-sections -fdata-sections -Wall -fstack-usage -MMD -MP -MF"Drivers/STM32H7xx_HAL_Driver/Src/stm32h7xx_hal_dma.d" -MT"Drivers/STM32H7xx_HAL_Driver/Src/stm32h7xx_hal_dma.o" --specs=nano.specs -mfpu=fpv5-d16 -mfloat-abi=hard -mthumb -o "Drivers/STM32H7xx_HAL_Driver/Src/stm32h7xx_hal_dma.o"
../ThirdParty/FreeRTOS/portable/GCC/ARM_CM4F/port.c:34:10: fatal error: FreeRTOS.h: No such file or directory
   34 | #include "FreeRTOS.h"
      |          ^~~~~~~~~~~~
compilation terminated.
arm-none-eabi-gcc "../Drivers/STM32H7xx_HAL_Driver/Src/stm32h7xx_hal_dma_ex.c" -mcpu=cortex-m7 -std=gnu11 -g3 -DDEBUG -DUSE_HAL_DRIVER -DSTM32H7A3xxQ -c -I../Core/Inc -I"C:/Users/ajitp/OneDrive/Documents/Embedded_systems_courses/FREERTOS_COURSE/WORKSPACE/task01/ThirdParty/FreeRTOS/include" -I"C:/Users/ajitp/OneDrive/Documents/Embedded_systems_courses/FREERTOS_COURSE/WORKSPACE/task01/ThirdParty/FreeRTOS/include" -I"C:/Users/ajitp/OneDrive/Documents/Embedded_systems_courses/FREERTOS_COURSE/WORKSPACE/task01/ThirdParty/FreeRTOS/include" -I"C:/Users/ajitp/OneDrive/Documents/Embedded_systems_courses/FREERTOS_COURSE/WORKSPACE/task01/ThirdParty/FreeRTOS" -I"C:/Users/ajitp/OneDrive/Documents/Embedded_systems_courses/FREERTOS_COURSE/WORKSPACE/task01/ThirdParty/FreeRTOS/portable/GCC/ARM_CM4F" -I"C:/Users/ajitp/OneDrive/Documents/Embedded_systems_courses/FREERTOS_COURSE/WORKSPACE/task01/ThirdParty/FreeRTOS/include" -I"C:/Users/ajitp/OneDrive/Documents/Embedded_systems_courses/FREERTOS_COURSE/WORKSPACE/task01/ThirdParty/FreeRTOS/portable" -I../Drivers/STM32H7xx_HAL_Driver/Inc -I../Drivers/STM32H7xx_HAL_Driver/Inc/Legacy -I../Drivers/CMSIS/Device/ST/STM32H7xx/Include -I../Drivers/CMSIS/Include -O0 -ffunction-sections -fdata-sections -Wall -fstack-usage -MMD -MP -MF"Drivers/STM32H7xx_HAL_Driver/Src/stm32h7xx_hal_dma_ex.d" -MT"Drivers/STM32H7xx_HAL_Driver/Src/stm32h7xx_hal_dma_ex.o" --specs=nano.specs -mfpu=fpv5-d16 -mfloat-abi=hard -mthumb -o "Drivers/STM32H7xx_HAL_Driver/Src/stm32h7xx_hal_dma_ex.o"
make: *** [ThirdParty/FreeRTOS/portable/GCC/ARM_CM4F/subdir.mk:19: ThirdParty/FreeRTOS/portable/GCC/ARM_CM4F/port.o] Error 1
make: *** Waiting for unfinished jobs....
../ThirdParty/FreeRTOS/croutine.c:29:10: fatal error: FreeRTOS.h: No such file or directory
   29 | #include "FreeRTOS.h"
      |          ^~~~~~~~~~~~
compilation terminated.
make: *** [ThirdParty/FreeRTOS/subdir.mk:37: ThirdParty/FreeRTOS/croutine.o] Error 1
../ThirdParty/FreeRTOS/portable/MemMang/heap_4.c:45:10: fatal error: FreeRTOS.h: No such file or directory
   45 | #include "FreeRTOS.h"
      |          ^~~~~~~~~~~~
compilation terminated.
make: *** [ThirdParty/FreeRTOS/portable/MemMang/subdir.mk:19: ThirdParty/FreeRTOS/portable/MemMang/heap_4.o] Error 1
../ThirdParty/FreeRTOS/list.c:37:10: fatal error: FreeRTOS.h: No such file or directory
   37 | #include "FreeRTOS.h"
      |          ^~~~~~~~~~~~
compilation terminated.
../ThirdParty/FreeRTOS/event_groups.c:38:10: fatal error: FreeRTOS.h: No such file or directory
   38 | #include "FreeRTOS.h"
      |          ^~~~~~~~~~~~
compilation terminated.
make: *** [ThirdParty/FreeRTOS/subdir.mk:37: ThirdParty/FreeRTOS/list.o] Error 1
make: *** [ThirdParty/FreeRTOS/subdir.mk:37: ThirdParty/FreeRTOS/event_groups.o] Error 1
../ThirdParty/FreeRTOS/queue.c:37:10: fatal error: FreeRTOS.h: No such file or directory
   37 | #include "FreeRTOS.h"
      |          ^~~~~~~~~~~~
compilation terminated.
make: *** [ThirdParty/FreeRTOS/subdir.mk:37: ThirdParty/FreeRTOS/queue.o] Error 1
../ThirdParty/FreeRTOS/stream_buffer.c:39:10: fatal error: FreeRTOS.h: No such file or directory
   39 | #include "FreeRTOS.h"
      |          ^~~~~~~~~~~~
compilation terminated.
../ThirdParty/FreeRTOS/timers.c:37:10: fatal error: FreeRTOS.h: No such file or directory
   37 | #include "FreeRTOS.h"
      |          ^~~~~~~~~~~~
compilation terminated.
../ThirdParty/FreeRTOS/tasks.c:39:10: fatal error: FreeRTOS.h: No such file or directory
   39 | #include "FreeRTOS.h"
      |          ^~~~~~~~~~~~
compilation terminated.
make: *** [ThirdParty/FreeRTOS/subdir.mk:37: ThirdParty/FreeRTOS/stream_buffer.o] Error 1
make: *** [ThirdParty/FreeRTOS/subdir.mk:37: ThirdParty/FreeRTOS/timers.o] Error 1
make: *** [ThirdParty/FreeRTOS/subdir.mk:37: ThirdParty/FreeRTOS/tasks.o] Error 1
"make -j16 all" terminated with exit code 2. Build might be incomplete.

10:25:21 Build Failed. 19 errors, 0 warnings. (took 1s.79ms)

